<?xml version="1.0" encoding="UTF-8"?>
<testsuite name="datadriven.UserDD" tests="50" skipped="0" failures="0" errors="0" timestamp="2021-09-02T19:33:06" hostname="JAQUE-PC" time="44.492">
  <properties/>
  <testcase name="incluirUsuario[0](458712, TesteSnoopy, Snoopy, Malhado, testesnoopy@teste.com, 123456, 41999999999, 0)" classname="datadriven.UserDD" time="2.137"/>
  <testcase name="incluirUsuario[1](458713, lucy, lucy, carter, lucycarter@teste.com, 654321, 11988888888, 0)" classname="datadriven.UserDD" time="0.794"/>
  <testcase name="incluirUsuario[2](458714, Drew_Trantow, Charlene, Padberg, Meagan76@gmail.com, hn4LO6WkDOdfLr2, 11912166003, 0)" classname="datadriven.UserDD" time="0.825"/>
  <testcase name="incluirUsuario[3](458715, Dagmar96, Wanda, Hegmann, Susie_Daniel@yahoo.com, Mi8nEpKqp2H9Y5u, 11965974815, 0)" classname="datadriven.UserDD" time="0.776"/>
  <testcase name="incluirUsuario[4](458716, Gabrielle35, Alisha, Morar, Lane_Homenick86@gmail.com, 6w020cFVfHDWNHr, 11930989288, 0)" classname="datadriven.UserDD" time="0.866"/>
  <testcase name="incluirUsuario[5](458717, Paolo.Kunde2, Hanna, Bogan, Victoria34@gmail.com, 7QPnJfvc1QlxX2H, 11934439785, 0)" classname="datadriven.UserDD" time="0.785"/>
  <testcase name="incluirUsuario[6](458718, Julie.Spencer69, Cade, Kemmer, Caitlyn.Spinka@hotmail.com, HDXVx6jW88YKfE9, 11920540605, 0)" classname="datadriven.UserDD" time="0.991"/>
  <testcase name="incluirUsuario[7](458719, Myra_Zemlak, Gianni, Murazik, Golda_Lehner@gmail.com, a2TNp_2gM4OO9Og, 11943611423, 0)" classname="datadriven.UserDD" time="0.971"/>
  <testcase name="incluirUsuario[8](458720, Janae2, Terrance, Crist, Nia.Mohr67@yahoo.com, _ii6CiT1s3ULzvB, 11949907818, 0)" classname="datadriven.UserDD" time="1.054"/>
  <testcase name="incluirUsuario[9](458721, Cleta.Reichel, Casper, Fay, Fae45@hotmail.com, SsupGAwGoIW9xWB, 11921885125, 0)" classname="datadriven.UserDD" time="0.884"/>
  <testcase name="incluirUsuario[10](458722, Aaron.Hickle54, Alessandra, Bogan, Gabe_Swaniawski@hotmail.com, sc1SaFxmm3KEjFz, 11977122576, 0)" classname="datadriven.UserDD" time="0.984"/>
  <testcase name="incluirUsuario[11](458723, Cameron_Heathcote36, Edna, Windler, Alf87@gmail.com, 3CZS5uYHtUClY6u, 11959925758, 0)" classname="datadriven.UserDD" time="0.806"/>
  <testcase name="incluirUsuario[12](458724, Cassandra1, Heloise, Schmidt, Claudia_Graham@hotmail.com, HT6QY3kRKJfjbqT, 11922224577, 0)" classname="datadriven.UserDD" time="0.87"/>
  <testcase name="incluirUsuario[13](458725, Alexandro98, Taya, Welch, Amir57@gmail.com, 19B4trYqgqMDsOJ, 11988126642, 0)" classname="datadriven.UserDD" time="0.768"/>
  <testcase name="incluirUsuario[14](458726, Devin51, Barney, Kilback, Jacinto81@yahoo.com, YVi4aNTpu2ZzkuK, 11933338335, 0)" classname="datadriven.UserDD" time="0.852"/>
  <testcase name="incluirUsuario[15](458727, Armani88, Mabel, Boehm, Una.Borer@gmail.com, iMjBRIvaakoZufG, 11952947333, 0)" classname="datadriven.UserDD" time="0.813"/>
  <testcase name="incluirUsuario[16](458728, Dario.Beer, Jocelyn, Grimes, Leora_Leannon45@yahoo.com, CMtUcv0q_rcMc7R, 11957190217, 0)" classname="datadriven.UserDD" time="0.787"/>
  <testcase name="incluirUsuario[17](458729, Adalberto70, Anita, White, Leora_Homenick65@hotmail.com, Z7z7_u1M0rzOxbh, 11946048546, 0)" classname="datadriven.UserDD" time="0.771"/>
  <testcase name="incluirUsuario[18](458730, Vena.Kohler77, Chase, Daniel, Maverick.Ferry7@gmail.com, OHDWJ_zxkJx7NSQ, 11911321162, 0)" classname="datadriven.UserDD" time="0.786"/>
  <testcase name="incluirUsuario[19](458731, Rhett_Welch46, Ernestina, Runolfsson, Mitchel.Botsford76@gmail.com, tnwA4WbLJsFtN97, 11916280128, 0)" classname="datadriven.UserDD" time="0.773"/>
  <testcase name="incluirUsuario[20](458732, Sid49, Rigoberto, Jerde, Braeden.Grimes@hotmail.com, R6y5CD01bIZ6ImN, 11934616839, 0)" classname="datadriven.UserDD" time="0.968"/>
  <testcase name="incluirUsuario[21](458733, Carlee76, Tiana, MacGyver, Gianni_Hilll42@hotmail.com, t0HiEHInj8kZsED, 11939333280, 0)" classname="datadriven.UserDD" time="0.764"/>
  <testcase name="incluirUsuario[22](458734, Autumn20, Elinor, Friesen, Arturo_Dietrich2@yahoo.com, 8pLvn13dvUSxgxc, 11965877145, 0)" classname="datadriven.UserDD" time="0.767"/>
  <testcase name="incluirUsuario[23](458735, Barton32, Liza, Bauch, Gunner.Kautzer53@gmail.com, 0nmkULSdSi67BOH, 11998331357, 0)" classname="datadriven.UserDD" time="0.807"/>
  <testcase name="incluirUsuario[24](458736, Sheridan.Wiza, Skylar, O'Connell, Hettie57@yahoo.com, NXXW7P1iAkvDkSd, 11926442566, 0)" classname="datadriven.UserDD" time="0.984"/>
  <testcase name="incluirUsuario[25](458737, Mckayla.Dicki7, Simone, Heathcote, Gracie.Blanda0@yahoo.com, 3Mwsm2YhdunXhXA, 11995404973, 0)" classname="datadriven.UserDD" time="0.931"/>
  <testcase name="incluirUsuario[26](458738, Alexzander_Volkman, Devante, Frami, Buford_OHara99@hotmail.com, 9ZDFdyXdLACPEtW, 11917681237, 0)" classname="datadriven.UserDD" time="0.805"/>
  <testcase name="incluirUsuario[27](458739, Logan19, Anissa, Stracke, May_Effertz47@hotmail.com, hgUaHN03n9H11RE, 11964255458, 0)" classname="datadriven.UserDD" time="0.843"/>
  <testcase name="incluirUsuario[28](458740, Omari.Abbott, Manuela, Ryan, Jarred.Rogahn22@gmail.com, rMvJXpEXoGKVayM, 11916323765, 0)" classname="datadriven.UserDD" time="0.76"/>
  <testcase name="incluirUsuario[29](458741, Hayden.Murphy, Ariel, Sawayn, Rhett86@hotmail.com, wBtlNYa_uti0cPj, 11933123215, 0)" classname="datadriven.UserDD" time="0.785"/>
  <testcase name="incluirUsuario[30](458742, Madisyn.Tromp77, William, Ankunding, Vernon1@gmail.com, dh4nsjsmjQjhYJl, 11973841502, 0)" classname="datadriven.UserDD" time="0.931"/>
  <testcase name="incluirUsuario[31](458743, Jordane_Leannon, Gillian, Roberts, Anika14@hotmail.com, 57l3oRd5CbONlWg, 11927433804, 0)" classname="datadriven.UserDD" time="0.938"/>
  <testcase name="incluirUsuario[32](458744, Ardith.Kuphal, Keeley, Terry, Yasmine.Auer@gmail.com, e8YiG48_AR147_P, 11987537545, 0)" classname="datadriven.UserDD" time="0.799"/>
  <testcase name="incluirUsuario[33](458745, Isadore38, Eleanora, Torphy, Jules94@hotmail.com, NMbnNqkU6N64mXV, 11939628721, 0)" classname="datadriven.UserDD" time="0.834"/>
  <testcase name="incluirUsuario[34](458746, Ethel62, Myah, Lemke, Genesis91@hotmail.com, rLbmpucSRTVg2au, 11927164540, 0)" classname="datadriven.UserDD" time="0.973"/>
  <testcase name="incluirUsuario[35](458747, Annette.Kub, Katelynn, Keebler, Cleora.Ebert94@gmail.com, CKY9HOoPGCKO1zA, 11986289330, 0)" classname="datadriven.UserDD" time="0.808"/>
  <testcase name="incluirUsuario[36](458748, Sigrid_Rosenbaum, Jorge, Langworth, Camden65@yahoo.com, sYjJQ0JGoQxtsIz, 11939494583, 0)" classname="datadriven.UserDD" time="0.913"/>
  <testcase name="incluirUsuario[37](458749, Hubert82, Monserrate, Cronin, Liana0@gmail.com, D2dKNAP5iTSF1An, 11993676516, 0)" classname="datadriven.UserDD" time="0.771"/>
  <testcase name="incluirUsuario[38](458750, Ari_Reynolds17, Jordane, Marquardt, Mathias.Donnelly99@hotmail.com, lA3CZfdteKt41fD, 11977972478, 0)" classname="datadriven.UserDD" time="0.778"/>
  <testcase name="incluirUsuario[39](458751, Reese65, Rosemarie, Grant, Kaci_Schiller15@gmail.com, 2A5ZGU8BcTJmLFL, 11961002551, 0)" classname="datadriven.UserDD" time="0.99"/>
  <testcase name="incluirUsuario[40](458752, Pink.Rogahn93, Layne, Goodwin, Marianne91@hotmail.com, e8DFk1rc02K8b5l, 11985957420, 0)" classname="datadriven.UserDD" time="0.946"/>
  <testcase name="incluirUsuario[41](458753, Frederik.Boehm71, Jaquan, Osinski, Rolando15@yahoo.com, 5KAK0Iy2gOsap6C, 11989615154, 0)" classname="datadriven.UserDD" time="0.878"/>
  <testcase name="incluirUsuario[42](458754, Nola_Gorczany20, Sedrick, Pollich, Shaun3@hotmail.com, NwaqLuf61UiXm4z, 11977617022, 0)" classname="datadriven.UserDD" time="1.062"/>
  <testcase name="incluirUsuario[43](458755, Alexanne.Kutch66, Ruth, Harris, Rosalia58@hotmail.com, 9U7nwZ2BpGeTo6O, 11975129564, 0)" classname="datadriven.UserDD" time="0.95"/>
  <testcase name="incluirUsuario[44](458756, Columbus.Armstrong, Layla, Hane, Akeem_Lakin20@yahoo.com, hgqisWh5smTzA2L, 11961410080, 0)" classname="datadriven.UserDD" time="0.823"/>
  <testcase name="incluirUsuario[45](458757, Marvin79, Bethel, Schamberger, Melissa_Leffler@yahoo.com, VWxNwY_NSD2EgR7, 11995771210, 0)" classname="datadriven.UserDD" time="0.996"/>
  <testcase name="incluirUsuario[46](458758, Giuseppe.Ritchie43, Kimberly, Predovic, Adalberto.Homenick72@yahoo.com, K_v7yYWyE1QLXmn, 11973131218, 0)" classname="datadriven.UserDD" time="0.773"/>
  <testcase name="incluirUsuario[47](458759, Rashawn.Keeling, Camden, Wiegand, Nina_Mills@yahoo.com, CKWyMG2FtOd2ZXm, 11947000975, 0)" classname="datadriven.UserDD" time="0.974"/>
  <testcase name="incluirUsuario[48](458760, Giovanna99, Candido, Renner, Jett_Lesch61@yahoo.com, dXS2HeRmIFppA1I, 11938153360, 0)" classname="datadriven.UserDD" time="0.785"/>
  <testcase name="incluirUsuario[49](458761, Penelope.Hammes, Avis, McCullough, Dorris.Zboncak@yahoo.com, vA5gfky5RnaWLcC, 11918932264, 0)" classname="datadriven.UserDD" time="0.849"/>
  <system-out><![CDATA[Data e hora: 2021-09-02 16-33-06
Request method:	POST
Request URI:	https://petstore.swagger.io/v2/user
Proxy:			<none>
Request params:	<none>
Query params:	<none>
Form params:	<none>
Path params:	<none>
Headers:		Accept=*/*
				Content-Type=application/json
Cookies:		<none>
Multiparts:		<none>
Body:
{
    "firstName": "Snoopy",
    "lastName": "Malhado",
    "password": "123456",
    "userStatus": "0",
    "phone": "41999999999",
    "id": "458712",
    "email": "testesnoopy@teste.com",
    "username": "TesteSnoopy"
}
HTTP/1.1 200 OK
Date: Thu, 02 Sep 2021 19:33:08 GMT
Content-Type: application/json
Transfer-Encoding: chunked
Connection: keep-alive
Access-Control-Allow-Origin: *
Access-Control-Allow-Methods: GET, POST, DELETE, PUT
Access-Control-Allow-Headers: Content-Type, api_key, Authorization
Server: Jetty(9.2.9.v20150224)

{
    "code": 200,
    "type": "unknown",
    "message": "458712"
}
O userID eh: 458712
Este eh o teste numero: 1
Request method:	POST
Request URI:	https://petstore.swagger.io/v2/user
Proxy:			<none>
Request params:	<none>
Query params:	<none>
Form params:	<none>
Path params:	<none>
Headers:		Accept=*/*
				Content-Type=application/json
Cookies:		<none>
Multiparts:		<none>
Body:
{
    "firstName": "lucy",
    "lastName": "carter",
    "password": "654321",
    "userStatus": "0",
    "phone": "11988888888",
    "id": "458713",
    "email": "lucycarter@teste.com",
    "username": "lucy"
}
HTTP/1.1 200 OK
Date: Thu, 02 Sep 2021 19:33:09 GMT
Content-Type: application/json
Transfer-Encoding: chunked
Connection: keep-alive
Access-Control-Allow-Origin: *
Access-Control-Allow-Methods: GET, POST, DELETE, PUT
Access-Control-Allow-Headers: Content-Type, api_key, Authorization
Server: Jetty(9.2.9.v20150224)

{
    "code": 200,
    "type": "unknown",
    "message": "458713"
}
O userID eh: 458713
Este eh o teste numero: 2
Request method:	POST
Request URI:	https://petstore.swagger.io/v2/user
Proxy:			<none>
Request params:	<none>
Query params:	<none>
Form params:	<none>
Path params:	<none>
Headers:		Accept=*/*
				Content-Type=application/json
Cookies:		<none>
Multiparts:		<none>
Body:
{
    "firstName": "Charlene",
    "lastName": "Padberg",
    "password": "hn4LO6WkDOdfLr2",
    "userStatus": "0",
    "phone": "11912166003",
    "id": "458714",
    "email": "Meagan76@gmail.com",
    "username": "Drew_Trantow"
}
HTTP/1.1 200 OK
Date: Thu, 02 Sep 2021 19:33:10 GMT
Content-Type: application/json
Transfer-Encoding: chunked
Connection: keep-alive
Access-Control-Allow-Origin: *
Access-Control-Allow-Methods: GET, POST, DELETE, PUT
Access-Control-Allow-Headers: Content-Type, api_key, Authorization
Server: Jetty(9.2.9.v20150224)

{
    "code": 200,
    "type": "unknown",
    "message": "458714"
}
O userID eh: 458714
Este eh o teste numero: 3
Request method:	POST
Request URI:	https://petstore.swagger.io/v2/user
Proxy:			<none>
Request params:	<none>
Query params:	<none>
Form params:	<none>
Path params:	<none>
Headers:		Accept=*/*
				Content-Type=application/json
Cookies:		<none>
Multiparts:		<none>
Body:
{
    "firstName": "Wanda",
    "lastName": "Hegmann",
    "password": "Mi8nEpKqp2H9Y5u",
    "userStatus": "0",
    "phone": "11965974815",
    "id": "458715",
    "email": "Susie_Daniel@yahoo.com",
    "username": "Dagmar96"
}
HTTP/1.1 200 OK
Date: Thu, 02 Sep 2021 19:33:11 GMT
Content-Type: application/json
Transfer-Encoding: chunked
Connection: keep-alive
Access-Control-Allow-Origin: *
Access-Control-Allow-Methods: GET, POST, DELETE, PUT
Access-Control-Allow-Headers: Content-Type, api_key, Authorization
Server: Jetty(9.2.9.v20150224)

{
    "code": 200,
    "type": "unknown",
    "message": "458715"
}
O userID eh: 458715
Este eh o teste numero: 4
Request method:	POST
Request URI:	https://petstore.swagger.io/v2/user
Proxy:			<none>
Request params:	<none>
Query params:	<none>
Form params:	<none>
Path params:	<none>
Headers:		Accept=*/*
				Content-Type=application/json
Cookies:		<none>
Multiparts:		<none>
Body:
{
    "firstName": "Alisha",
    "lastName": "Morar",
    "password": "6w020cFVfHDWNHr",
    "userStatus": "0",
    "phone": "11930989288",
    "id": "458716",
    "email": "Lane_Homenick86@gmail.com",
    "username": "Gabrielle35"
}
HTTP/1.1 200 OK
Date: Thu, 02 Sep 2021 19:33:12 GMT
Content-Type: application/json
Transfer-Encoding: chunked
Connection: keep-alive
Access-Control-Allow-Origin: *
Access-Control-Allow-Methods: GET, POST, DELETE, PUT
Access-Control-Allow-Headers: Content-Type, api_key, Authorization
Server: Jetty(9.2.9.v20150224)

{
    "code": 200,
    "type": "unknown",
    "message": "458716"
}
O userID eh: 458716
Este eh o teste numero: 5
Request method:	POST
Request URI:	https://petstore.swagger.io/v2/user
Proxy:			<none>
Request params:	<none>
Query params:	<none>
Form params:	<none>
Path params:	<none>
Headers:		Accept=*/*
				Content-Type=application/json
Cookies:		<none>
Multiparts:		<none>
Body:
{
    "firstName": "Hanna",
    "lastName": "Bogan",
    "password": "7QPnJfvc1QlxX2H",
    "userStatus": "0",
    "phone": "11934439785",
    "id": "458717",
    "email": "Victoria34@gmail.com",
    "username": "Paolo.Kunde2"
}
HTTP/1.1 200 OK
Date: Thu, 02 Sep 2021 19:33:12 GMT
Content-Type: application/json
Transfer-Encoding: chunked
Connection: keep-alive
Access-Control-Allow-Origin: *
Access-Control-Allow-Methods: GET, POST, DELETE, PUT
Access-Control-Allow-Headers: Content-Type, api_key, Authorization
Server: Jetty(9.2.9.v20150224)

{
    "code": 200,
    "type": "unknown",
    "message": "458717"
}
O userID eh: 458717
Este eh o teste numero: 6
Request method:	POST
Request URI:	https://petstore.swagger.io/v2/user
Proxy:			<none>
Request params:	<none>
Query params:	<none>
Form params:	<none>
Path params:	<none>
Headers:		Accept=*/*
				Content-Type=application/json
Cookies:		<none>
Multiparts:		<none>
Body:
{
    "firstName": "Cade",
    "lastName": "Kemmer",
    "password": "HDXVx6jW88YKfE9",
    "userStatus": "0",
    "phone": "11920540605",
    "id": "458718",
    "email": "Caitlyn.Spinka@hotmail.com",
    "username": "Julie.Spencer69"
}
HTTP/1.1 200 OK
Date: Thu, 02 Sep 2021 19:33:13 GMT
Content-Type: application/json
Transfer-Encoding: chunked
Connection: keep-alive
Access-Control-Allow-Origin: *
Access-Control-Allow-Methods: GET, POST, DELETE, PUT
Access-Control-Allow-Headers: Content-Type, api_key, Authorization
Server: Jetty(9.2.9.v20150224)

{
    "code": 200,
    "type": "unknown",
    "message": "458718"
}
O userID eh: 458718
Este eh o teste numero: 7
Request method:	POST
Request URI:	https://petstore.swagger.io/v2/user
Proxy:			<none>
Request params:	<none>
Query params:	<none>
Form params:	<none>
Path params:	<none>
Headers:		Accept=*/*
				Content-Type=application/json
Cookies:		<none>
Multiparts:		<none>
Body:
{
    "firstName": "Gianni",
    "lastName": "Murazik",
    "password": "a2TNp_2gM4OO9Og",
    "userStatus": "0",
    "phone": "11943611423",
    "id": "458719",
    "email": "Golda_Lehner@gmail.com",
    "username": "Myra_Zemlak"
}
HTTP/1.1 200 OK
Date: Thu, 02 Sep 2021 19:33:14 GMT
Content-Type: application/json
Transfer-Encoding: chunked
Connection: keep-alive
Access-Control-Allow-Origin: *
Access-Control-Allow-Methods: GET, POST, DELETE, PUT
Access-Control-Allow-Headers: Content-Type, api_key, Authorization
Server: Jetty(9.2.9.v20150224)

{
    "code": 200,
    "type": "unknown",
    "message": "458719"
}
O userID eh: 458719
Este eh o teste numero: 8
Request method:	POST
Request URI:	https://petstore.swagger.io/v2/user
Proxy:			<none>
Request params:	<none>
Query params:	<none>
Form params:	<none>
Path params:	<none>
Headers:		Accept=*/*
				Content-Type=application/json
Cookies:		<none>
Multiparts:		<none>
Body:
{
    "firstName": "Terrance",
    "lastName": "Crist",
    "password": "_ii6CiT1s3ULzvB",
    "userStatus": "0",
    "phone": "11949907818",
    "id": "458720",
    "email": "Nia.Mohr67@yahoo.com",
    "username": "Janae2"
}
HTTP/1.1 200 OK
Date: Thu, 02 Sep 2021 19:33:15 GMT
Content-Type: application/json
Transfer-Encoding: chunked
Connection: keep-alive
Access-Control-Allow-Origin: *
Access-Control-Allow-Methods: GET, POST, DELETE, PUT
Access-Control-Allow-Headers: Content-Type, api_key, Authorization
Server: Jetty(9.2.9.v20150224)

{
    "code": 200,
    "type": "unknown",
    "message": "458720"
}
O userID eh: 458720
Este eh o teste numero: 9
Request method:	POST
Request URI:	https://petstore.swagger.io/v2/user
Proxy:			<none>
Request params:	<none>
Query params:	<none>
Form params:	<none>
Path params:	<none>
Headers:		Accept=*/*
				Content-Type=application/json
Cookies:		<none>
Multiparts:		<none>
Body:
{
    "firstName": "Casper",
    "lastName": "Fay",
    "password": "SsupGAwGoIW9xWB",
    "userStatus": "0",
    "phone": "11921885125",
    "id": "458721",
    "email": "Fae45@hotmail.com",
    "username": "Cleta.Reichel"
}
HTTP/1.1 200 OK
Date: Thu, 02 Sep 2021 19:33:16 GMT
Content-Type: application/json
Transfer-Encoding: chunked
Connection: keep-alive
Access-Control-Allow-Origin: *
Access-Control-Allow-Methods: GET, POST, DELETE, PUT
Access-Control-Allow-Headers: Content-Type, api_key, Authorization
Server: Jetty(9.2.9.v20150224)

{
    "code": 200,
    "type": "unknown",
    "message": "458721"
}
O userID eh: 458721
Este eh o teste numero: 10
Request method:	POST
Request URI:	https://petstore.swagger.io/v2/user
Proxy:			<none>
Request params:	<none>
Query params:	<none>
Form params:	<none>
Path params:	<none>
Headers:		Accept=*/*
				Content-Type=application/json
Cookies:		<none>
Multiparts:		<none>
Body:
{
    "firstName": "Alessandra",
    "lastName": "Bogan",
    "password": "sc1SaFxmm3KEjFz",
    "userStatus": "0",
    "phone": "11977122576",
    "id": "458722",
    "email": "Gabe_Swaniawski@hotmail.com",
    "username": "Aaron.Hickle54"
}
HTTP/1.1 200 OK
Date: Thu, 02 Sep 2021 19:33:17 GMT
Content-Type: application/json
Transfer-Encoding: chunked
Connection: keep-alive
Access-Control-Allow-Origin: *
Access-Control-Allow-Methods: GET, POST, DELETE, PUT
Access-Control-Allow-Headers: Content-Type, api_key, Authorization
Server: Jetty(9.2.9.v20150224)

{
    "code": 200,
    "type": "unknown",
    "message": "458722"
}
O userID eh: 458722
Este eh o teste numero: 11
Request method:	POST
Request URI:	https://petstore.swagger.io/v2/user
Proxy:			<none>
Request params:	<none>
Query params:	<none>
Form params:	<none>
Path params:	<none>
Headers:		Accept=*/*
				Content-Type=application/json
Cookies:		<none>
Multiparts:		<none>
Body:
{
    "firstName": "Edna",
    "lastName": "Windler",
    "password": "3CZS5uYHtUClY6u",
    "userStatus": "0",
    "phone": "11959925758",
    "id": "458723",
    "email": "Alf87@gmail.com",
    "username": "Cameron_Heathcote36"
}
HTTP/1.1 200 OK
Date: Thu, 02 Sep 2021 19:33:18 GMT
Content-Type: application/json
Transfer-Encoding: chunked
Connection: keep-alive
Access-Control-Allow-Origin: *
Access-Control-Allow-Methods: GET, POST, DELETE, PUT
Access-Control-Allow-Headers: Content-Type, api_key, Authorization
Server: Jetty(9.2.9.v20150224)

{
    "code": 200,
    "type": "unknown",
    "message": "458723"
}
O userID eh: 458723
Este eh o teste numero: 12
Request method:	POST
Request URI:	https://petstore.swagger.io/v2/user
Proxy:			<none>
Request params:	<none>
Query params:	<none>
Form params:	<none>
Path params:	<none>
Headers:		Accept=*/*
				Content-Type=application/json
Cookies:		<none>
Multiparts:		<none>
Body:
{
    "firstName": "Heloise",
    "lastName": "Schmidt",
    "password": "HT6QY3kRKJfjbqT",
    "userStatus": "0",
    "phone": "11922224577",
    "id": "458724",
    "email": "Claudia_Graham@hotmail.com",
    "username": "Cassandra1"
}
HTTP/1.1 200 OK
Date: Thu, 02 Sep 2021 19:33:19 GMT
Content-Type: application/json
Transfer-Encoding: chunked
Connection: keep-alive
Access-Control-Allow-Origin: *
Access-Control-Allow-Methods: GET, POST, DELETE, PUT
Access-Control-Allow-Headers: Content-Type, api_key, Authorization
Server: Jetty(9.2.9.v20150224)

{
    "code": 200,
    "type": "unknown",
    "message": "458724"
}
O userID eh: 458724
Este eh o teste numero: 13
Request method:	POST
Request URI:	https://petstore.swagger.io/v2/user
Proxy:			<none>
Request params:	<none>
Query params:	<none>
Form params:	<none>
Path params:	<none>
Headers:		Accept=*/*
				Content-Type=application/json
Cookies:		<none>
Multiparts:		<none>
Body:
{
    "firstName": "Taya",
    "lastName": "Welch",
    "password": "19B4trYqgqMDsOJ",
    "userStatus": "0",
    "phone": "11988126642",
    "id": "458725",
    "email": "Amir57@gmail.com",
    "username": "Alexandro98"
}
HTTP/1.1 200 OK
Date: Thu, 02 Sep 2021 19:33:20 GMT
Content-Type: application/json
Transfer-Encoding: chunked
Connection: keep-alive
Access-Control-Allow-Origin: *
Access-Control-Allow-Methods: GET, POST, DELETE, PUT
Access-Control-Allow-Headers: Content-Type, api_key, Authorization
Server: Jetty(9.2.9.v20150224)

{
    "code": 200,
    "type": "unknown",
    "message": "458725"
}
O userID eh: 458725
Este eh o teste numero: 14
Request method:	POST
Request URI:	https://petstore.swagger.io/v2/user
Proxy:			<none>
Request params:	<none>
Query params:	<none>
Form params:	<none>
Path params:	<none>
Headers:		Accept=*/*
				Content-Type=application/json
Cookies:		<none>
Multiparts:		<none>
Body:
{
    "firstName": "Barney",
    "lastName": "Kilback",
    "password": "YVi4aNTpu2ZzkuK",
    "userStatus": "0",
    "phone": "11933338335",
    "id": "458726",
    "email": "Jacinto81@yahoo.com",
    "username": "Devin51"
}
HTTP/1.1 200 OK
Date: Thu, 02 Sep 2021 19:33:21 GMT
Content-Type: application/json
Transfer-Encoding: chunked
Connection: keep-alive
Access-Control-Allow-Origin: *
Access-Control-Allow-Methods: GET, POST, DELETE, PUT
Access-Control-Allow-Headers: Content-Type, api_key, Authorization
Server: Jetty(9.2.9.v20150224)

{
    "code": 200,
    "type": "unknown",
    "message": "458726"
}
O userID eh: 458726
Este eh o teste numero: 15
Request method:	POST
Request URI:	https://petstore.swagger.io/v2/user
Proxy:			<none>
Request params:	<none>
Query params:	<none>
Form params:	<none>
Path params:	<none>
Headers:		Accept=*/*
				Content-Type=application/json
Cookies:		<none>
Multiparts:		<none>
Body:
{
    "firstName": "Mabel",
    "lastName": "Boehm",
    "password": "iMjBRIvaakoZufG",
    "userStatus": "0",
    "phone": "11952947333",
    "id": "458727",
    "email": "Una.Borer@gmail.com",
    "username": "Armani88"
}
HTTP/1.1 200 OK
Date: Thu, 02 Sep 2021 19:33:21 GMT
Content-Type: application/json
Transfer-Encoding: chunked
Connection: keep-alive
Access-Control-Allow-Origin: *
Access-Control-Allow-Methods: GET, POST, DELETE, PUT
Access-Control-Allow-Headers: Content-Type, api_key, Authorization
Server: Jetty(9.2.9.v20150224)

{
    "code": 200,
    "type": "unknown",
    "message": "458727"
}
O userID eh: 458727
Este eh o teste numero: 16
Request method:	POST
Request URI:	https://petstore.swagger.io/v2/user
Proxy:			<none>
Request params:	<none>
Query params:	<none>
Form params:	<none>
Path params:	<none>
Headers:		Accept=*/*
				Content-Type=application/json
Cookies:		<none>
Multiparts:		<none>
Body:
{
    "firstName": "Jocelyn",
    "lastName": "Grimes",
    "password": "CMtUcv0q_rcMc7R",
    "userStatus": "0",
    "phone": "11957190217",
    "id": "458728",
    "email": "Leora_Leannon45@yahoo.com",
    "username": "Dario.Beer"
}
HTTP/1.1 200 OK
Date: Thu, 02 Sep 2021 19:33:22 GMT
Content-Type: application/json
Transfer-Encoding: chunked
Connection: keep-alive
Access-Control-Allow-Origin: *
Access-Control-Allow-Methods: GET, POST, DELETE, PUT
Access-Control-Allow-Headers: Content-Type, api_key, Authorization
Server: Jetty(9.2.9.v20150224)

{
    "code": 200,
    "type": "unknown",
    "message": "458728"
}
O userID eh: 458728
Este eh o teste numero: 17
Request method:	POST
Request URI:	https://petstore.swagger.io/v2/user
Proxy:			<none>
Request params:	<none>
Query params:	<none>
Form params:	<none>
Path params:	<none>
Headers:		Accept=*/*
				Content-Type=application/json
Cookies:		<none>
Multiparts:		<none>
Body:
{
    "firstName": "Anita",
    "lastName": "White",
    "password": "Z7z7_u1M0rzOxbh",
    "userStatus": "0",
    "phone": "11946048546",
    "id": "458729",
    "email": "Leora_Homenick65@hotmail.com",
    "username": "Adalberto70"
}
HTTP/1.1 200 OK
Date: Thu, 02 Sep 2021 19:33:23 GMT
Content-Type: application/json
Transfer-Encoding: chunked
Connection: keep-alive
Access-Control-Allow-Origin: *
Access-Control-Allow-Methods: GET, POST, DELETE, PUT
Access-Control-Allow-Headers: Content-Type, api_key, Authorization
Server: Jetty(9.2.9.v20150224)

{
    "code": 200,
    "type": "unknown",
    "message": "458729"
}
O userID eh: 458729
Este eh o teste numero: 18
Request method:	POST
Request URI:	https://petstore.swagger.io/v2/user
Proxy:			<none>
Request params:	<none>
Query params:	<none>
Form params:	<none>
Path params:	<none>
Headers:		Accept=*/*
				Content-Type=application/json
Cookies:		<none>
Multiparts:		<none>
Body:
{
    "firstName": "Chase",
    "lastName": "Daniel",
    "password": "OHDWJ_zxkJx7NSQ",
    "userStatus": "0",
    "phone": "11911321162",
    "id": "458730",
    "email": "Maverick.Ferry7@gmail.com",
    "username": "Vena.Kohler77"
}
HTTP/1.1 200 OK
Date: Thu, 02 Sep 2021 19:33:24 GMT
Content-Type: application/json
Transfer-Encoding: chunked
Connection: keep-alive
Access-Control-Allow-Origin: *
Access-Control-Allow-Methods: GET, POST, DELETE, PUT
Access-Control-Allow-Headers: Content-Type, api_key, Authorization
Server: Jetty(9.2.9.v20150224)

{
    "code": 200,
    "type": "unknown",
    "message": "458730"
}
O userID eh: 458730
Este eh o teste numero: 19
Request method:	POST
Request URI:	https://petstore.swagger.io/v2/user
Proxy:			<none>
Request params:	<none>
Query params:	<none>
Form params:	<none>
Path params:	<none>
Headers:		Accept=*/*
				Content-Type=application/json
Cookies:		<none>
Multiparts:		<none>
Body:
{
    "firstName": "Ernestina",
    "lastName": "Runolfsson",
    "password": "tnwA4WbLJsFtN97",
    "userStatus": "0",
    "phone": "11916280128",
    "id": "458731",
    "email": "Mitchel.Botsford76@gmail.com",
    "username": "Rhett_Welch46"
}
HTTP/1.1 200 OK
Date: Thu, 02 Sep 2021 19:33:24 GMT
Content-Type: application/json
Transfer-Encoding: chunked
Connection: keep-alive
Access-Control-Allow-Origin: *
Access-Control-Allow-Methods: GET, POST, DELETE, PUT
Access-Control-Allow-Headers: Content-Type, api_key, Authorization
Server: Jetty(9.2.9.v20150224)

{
    "code": 200,
    "type": "unknown",
    "message": "458731"
}
O userID eh: 458731
Este eh o teste numero: 20
Request method:	POST
Request URI:	https://petstore.swagger.io/v2/user
Proxy:			<none>
Request params:	<none>
Query params:	<none>
Form params:	<none>
Path params:	<none>
Headers:		Accept=*/*
				Content-Type=application/json
Cookies:		<none>
Multiparts:		<none>
Body:
{
    "firstName": "Rigoberto",
    "lastName": "Jerde",
    "password": "R6y5CD01bIZ6ImN",
    "userStatus": "0",
    "phone": "11934616839",
    "id": "458732",
    "email": "Braeden.Grimes@hotmail.com",
    "username": "Sid49"
}
HTTP/1.1 200 OK
Date: Thu, 02 Sep 2021 19:33:25 GMT
Content-Type: application/json
Transfer-Encoding: chunked
Connection: keep-alive
Access-Control-Allow-Origin: *
Access-Control-Allow-Methods: GET, POST, DELETE, PUT
Access-Control-Allow-Headers: Content-Type, api_key, Authorization
Server: Jetty(9.2.9.v20150224)

{
    "code": 200,
    "type": "unknown",
    "message": "458732"
}
O userID eh: 458732
Este eh o teste numero: 21
Request method:	POST
Request URI:	https://petstore.swagger.io/v2/user
Proxy:			<none>
Request params:	<none>
Query params:	<none>
Form params:	<none>
Path params:	<none>
Headers:		Accept=*/*
				Content-Type=application/json
Cookies:		<none>
Multiparts:		<none>
Body:
{
    "firstName": "Tiana",
    "lastName": "MacGyver",
    "password": "t0HiEHInj8kZsED",
    "userStatus": "0",
    "phone": "11939333280",
    "id": "458733",
    "email": "Gianni_Hilll42@hotmail.com",
    "username": "Carlee76"
}
HTTP/1.1 200 OK
Date: Thu, 02 Sep 2021 19:33:26 GMT
Content-Type: application/json
Transfer-Encoding: chunked
Connection: keep-alive
Access-Control-Allow-Origin: *
Access-Control-Allow-Methods: GET, POST, DELETE, PUT
Access-Control-Allow-Headers: Content-Type, api_key, Authorization
Server: Jetty(9.2.9.v20150224)

{
    "code": 200,
    "type": "unknown",
    "message": "458733"
}
O userID eh: 458733
Este eh o teste numero: 22
Request method:	POST
Request URI:	https://petstore.swagger.io/v2/user
Proxy:			<none>
Request params:	<none>
Query params:	<none>
Form params:	<none>
Path params:	<none>
Headers:		Accept=*/*
				Content-Type=application/json
Cookies:		<none>
Multiparts:		<none>
Body:
{
    "firstName": "Elinor",
    "lastName": "Friesen",
    "password": "8pLvn13dvUSxgxc",
    "userStatus": "0",
    "phone": "11965877145",
    "id": "458734",
    "email": "Arturo_Dietrich2@yahoo.com",
    "username": "Autumn20"
}
HTTP/1.1 200 OK
Date: Thu, 02 Sep 2021 19:33:27 GMT
Content-Type: application/json
Transfer-Encoding: chunked
Connection: keep-alive
Access-Control-Allow-Origin: *
Access-Control-Allow-Methods: GET, POST, DELETE, PUT
Access-Control-Allow-Headers: Content-Type, api_key, Authorization
Server: Jetty(9.2.9.v20150224)

{
    "code": 200,
    "type": "unknown",
    "message": "458734"
}
O userID eh: 458734
Este eh o teste numero: 23
Request method:	POST
Request URI:	https://petstore.swagger.io/v2/user
Proxy:			<none>
Request params:	<none>
Query params:	<none>
Form params:	<none>
Path params:	<none>
Headers:		Accept=*/*
				Content-Type=application/json
Cookies:		<none>
Multiparts:		<none>
Body:
{
    "firstName": "Liza",
    "lastName": "Bauch",
    "password": "0nmkULSdSi67BOH",
    "userStatus": "0",
    "phone": "11998331357",
    "id": "458735",
    "email": "Gunner.Kautzer53@gmail.com",
    "username": "Barton32"
}
HTTP/1.1 200 OK
Date: Thu, 02 Sep 2021 19:33:28 GMT
Content-Type: application/json
Transfer-Encoding: chunked
Connection: keep-alive
Access-Control-Allow-Origin: *
Access-Control-Allow-Methods: GET, POST, DELETE, PUT
Access-Control-Allow-Headers: Content-Type, api_key, Authorization
Server: Jetty(9.2.9.v20150224)

{
    "code": 200,
    "type": "unknown",
    "message": "458735"
}
O userID eh: 458735
Este eh o teste numero: 24
Request method:	POST
Request URI:	https://petstore.swagger.io/v2/user
Proxy:			<none>
Request params:	<none>
Query params:	<none>
Form params:	<none>
Path params:	<none>
Headers:		Accept=*/*
				Content-Type=application/json
Cookies:		<none>
Multiparts:		<none>
Body:
{
    "firstName": "Skylar",
    "lastName": "O'Connell",
    "password": "NXXW7P1iAkvDkSd",
    "userStatus": "0",
    "phone": "11926442566",
    "id": "458736",
    "email": "Hettie57@yahoo.com",
    "username": "Sheridan.Wiza"
}
HTTP/1.1 200 OK
Date: Thu, 02 Sep 2021 19:33:29 GMT
Content-Type: application/json
Transfer-Encoding: chunked
Connection: keep-alive
Access-Control-Allow-Origin: *
Access-Control-Allow-Methods: GET, POST, DELETE, PUT
Access-Control-Allow-Headers: Content-Type, api_key, Authorization
Server: Jetty(9.2.9.v20150224)

{
    "code": 200,
    "type": "unknown",
    "message": "458736"
}
O userID eh: 458736
Este eh o teste numero: 25
Request method:	POST
Request URI:	https://petstore.swagger.io/v2/user
Proxy:			<none>
Request params:	<none>
Query params:	<none>
Form params:	<none>
Path params:	<none>
Headers:		Accept=*/*
				Content-Type=application/json
Cookies:		<none>
Multiparts:		<none>
Body:
{
    "firstName": "Simone",
    "lastName": "Heathcote",
    "password": "3Mwsm2YhdunXhXA",
    "userStatus": "0",
    "phone": "11995404973",
    "id": "458737",
    "email": "Gracie.Blanda0@yahoo.com",
    "username": "Mckayla.Dicki7"
}
HTTP/1.1 200 OK
Date: Thu, 02 Sep 2021 19:33:30 GMT
Content-Type: application/json
Transfer-Encoding: chunked
Connection: keep-alive
Access-Control-Allow-Origin: *
Access-Control-Allow-Methods: GET, POST, DELETE, PUT
Access-Control-Allow-Headers: Content-Type, api_key, Authorization
Server: Jetty(9.2.9.v20150224)

{
    "code": 200,
    "type": "unknown",
    "message": "458737"
}
O userID eh: 458737
Este eh o teste numero: 26
Request method:	POST
Request URI:	https://petstore.swagger.io/v2/user
Proxy:			<none>
Request params:	<none>
Query params:	<none>
Form params:	<none>
Path params:	<none>
Headers:		Accept=*/*
				Content-Type=application/json
Cookies:		<none>
Multiparts:		<none>
Body:
{
    "firstName": "Devante",
    "lastName": "Frami",
    "password": "9ZDFdyXdLACPEtW",
    "userStatus": "0",
    "phone": "11917681237",
    "id": "458738",
    "email": "Buford_OHara99@hotmail.com",
    "username": "Alexzander_Volkman"
}
HTTP/1.1 200 OK
Date: Thu, 02 Sep 2021 19:33:31 GMT
Content-Type: application/json
Transfer-Encoding: chunked
Connection: keep-alive
Access-Control-Allow-Origin: *
Access-Control-Allow-Methods: GET, POST, DELETE, PUT
Access-Control-Allow-Headers: Content-Type, api_key, Authorization
Server: Jetty(9.2.9.v20150224)

{
    "code": 200,
    "type": "unknown",
    "message": "458738"
}
O userID eh: 458738
Este eh o teste numero: 27
Request method:	POST
Request URI:	https://petstore.swagger.io/v2/user
Proxy:			<none>
Request params:	<none>
Query params:	<none>
Form params:	<none>
Path params:	<none>
Headers:		Accept=*/*
				Content-Type=application/json
Cookies:		<none>
Multiparts:		<none>
Body:
{
    "firstName": "Anissa",
    "lastName": "Stracke",
    "password": "hgUaHN03n9H11RE",
    "userStatus": "0",
    "phone": "11964255458",
    "id": "458739",
    "email": "May_Effertz47@hotmail.com",
    "username": "Logan19"
}
HTTP/1.1 200 OK
Date: Thu, 02 Sep 2021 19:33:31 GMT
Content-Type: application/json
Transfer-Encoding: chunked
Connection: keep-alive
Access-Control-Allow-Origin: *
Access-Control-Allow-Methods: GET, POST, DELETE, PUT
Access-Control-Allow-Headers: Content-Type, api_key, Authorization
Server: Jetty(9.2.9.v20150224)

{
    "code": 200,
    "type": "unknown",
    "message": "458739"
}
O userID eh: 458739
Este eh o teste numero: 28
Request method:	POST
Request URI:	https://petstore.swagger.io/v2/user
Proxy:			<none>
Request params:	<none>
Query params:	<none>
Form params:	<none>
Path params:	<none>
Headers:		Accept=*/*
				Content-Type=application/json
Cookies:		<none>
Multiparts:		<none>
Body:
{
    "firstName": "Manuela",
    "lastName": "Ryan",
    "password": "rMvJXpEXoGKVayM",
    "userStatus": "0",
    "phone": "11916323765",
    "id": "458740",
    "email": "Jarred.Rogahn22@gmail.com",
    "username": "Omari.Abbott"
}
HTTP/1.1 200 OK
Date: Thu, 02 Sep 2021 19:33:32 GMT
Content-Type: application/json
Transfer-Encoding: chunked
Connection: keep-alive
Access-Control-Allow-Origin: *
Access-Control-Allow-Methods: GET, POST, DELETE, PUT
Access-Control-Allow-Headers: Content-Type, api_key, Authorization
Server: Jetty(9.2.9.v20150224)

{
    "code": 200,
    "type": "unknown",
    "message": "458740"
}
O userID eh: 458740
Este eh o teste numero: 29
Request method:	POST
Request URI:	https://petstore.swagger.io/v2/user
Proxy:			<none>
Request params:	<none>
Query params:	<none>
Form params:	<none>
Path params:	<none>
Headers:		Accept=*/*
				Content-Type=application/json
Cookies:		<none>
Multiparts:		<none>
Body:
{
    "firstName": "Ariel",
    "lastName": "Sawayn",
    "password": "wBtlNYa_uti0cPj",
    "userStatus": "0",
    "phone": "11933123215",
    "id": "458741",
    "email": "Rhett86@hotmail.com",
    "username": "Hayden.Murphy"
}
HTTP/1.1 200 OK
Date: Thu, 02 Sep 2021 19:33:33 GMT
Content-Type: application/json
Transfer-Encoding: chunked
Connection: keep-alive
Access-Control-Allow-Origin: *
Access-Control-Allow-Methods: GET, POST, DELETE, PUT
Access-Control-Allow-Headers: Content-Type, api_key, Authorization
Server: Jetty(9.2.9.v20150224)

{
    "code": 200,
    "type": "unknown",
    "message": "458741"
}
O userID eh: 458741
Este eh o teste numero: 30
Request method:	POST
Request URI:	https://petstore.swagger.io/v2/user
Proxy:			<none>
Request params:	<none>
Query params:	<none>
Form params:	<none>
Path params:	<none>
Headers:		Accept=*/*
				Content-Type=application/json
Cookies:		<none>
Multiparts:		<none>
Body:
{
    "firstName": "William",
    "lastName": "Ankunding",
    "password": "dh4nsjsmjQjhYJl",
    "userStatus": "0",
    "phone": "11973841502",
    "id": "458742",
    "email": "Vernon1@gmail.com",
    "username": "Madisyn.Tromp77"
}
HTTP/1.1 200 OK
Date: Thu, 02 Sep 2021 19:33:34 GMT
Content-Type: application/json
Transfer-Encoding: chunked
Connection: keep-alive
Access-Control-Allow-Origin: *
Access-Control-Allow-Methods: GET, POST, DELETE, PUT
Access-Control-Allow-Headers: Content-Type, api_key, Authorization
Server: Jetty(9.2.9.v20150224)

{
    "code": 200,
    "type": "unknown",
    "message": "458742"
}
O userID eh: 458742
Este eh o teste numero: 31
Request method:	POST
Request URI:	https://petstore.swagger.io/v2/user
Proxy:			<none>
Request params:	<none>
Query params:	<none>
Form params:	<none>
Path params:	<none>
Headers:		Accept=*/*
				Content-Type=application/json
Cookies:		<none>
Multiparts:		<none>
Body:
{
    "firstName": "Gillian",
    "lastName": "Roberts",
    "password": "57l3oRd5CbONlWg",
    "userStatus": "0",
    "phone": "11927433804",
    "id": "458743",
    "email": "Anika14@hotmail.com",
    "username": "Jordane_Leannon"
}
HTTP/1.1 200 OK
Date: Thu, 02 Sep 2021 19:33:35 GMT
Content-Type: application/json
Transfer-Encoding: chunked
Connection: keep-alive
Access-Control-Allow-Origin: *
Access-Control-Allow-Methods: GET, POST, DELETE, PUT
Access-Control-Allow-Headers: Content-Type, api_key, Authorization
Server: Jetty(9.2.9.v20150224)

{
    "code": 200,
    "type": "unknown",
    "message": "458743"
}
O userID eh: 458743
Este eh o teste numero: 32
Request method:	POST
Request URI:	https://petstore.swagger.io/v2/user
Proxy:			<none>
Request params:	<none>
Query params:	<none>
Form params:	<none>
Path params:	<none>
Headers:		Accept=*/*
				Content-Type=application/json
Cookies:		<none>
Multiparts:		<none>
Body:
{
    "firstName": "Keeley",
    "lastName": "Terry",
    "password": "e8YiG48_AR147_P",
    "userStatus": "0",
    "phone": "11987537545",
    "id": "458744",
    "email": "Yasmine.Auer@gmail.com",
    "username": "Ardith.Kuphal"
}
HTTP/1.1 200 OK
Date: Thu, 02 Sep 2021 19:33:36 GMT
Content-Type: application/json
Transfer-Encoding: chunked
Connection: keep-alive
Access-Control-Allow-Origin: *
Access-Control-Allow-Methods: GET, POST, DELETE, PUT
Access-Control-Allow-Headers: Content-Type, api_key, Authorization
Server: Jetty(9.2.9.v20150224)

{
    "code": 200,
    "type": "unknown",
    "message": "458744"
}
O userID eh: 458744
Este eh o teste numero: 33
Request method:	POST
Request URI:	https://petstore.swagger.io/v2/user
Proxy:			<none>
Request params:	<none>
Query params:	<none>
Form params:	<none>
Path params:	<none>
Headers:		Accept=*/*
				Content-Type=application/json
Cookies:		<none>
Multiparts:		<none>
Body:
{
    "firstName": "Eleanora",
    "lastName": "Torphy",
    "password": "NMbnNqkU6N64mXV",
    "userStatus": "0",
    "phone": "11939628721",
    "id": "458745",
    "email": "Jules94@hotmail.com",
    "username": "Isadore38"
}
HTTP/1.1 200 OK
Date: Thu, 02 Sep 2021 19:33:36 GMT
Content-Type: application/json
Transfer-Encoding: chunked
Connection: keep-alive
Access-Control-Allow-Origin: *
Access-Control-Allow-Methods: GET, POST, DELETE, PUT
Access-Control-Allow-Headers: Content-Type, api_key, Authorization
Server: Jetty(9.2.9.v20150224)

{
    "code": 200,
    "type": "unknown",
    "message": "458745"
}
O userID eh: 458745
Este eh o teste numero: 34
Request method:	POST
Request URI:	https://petstore.swagger.io/v2/user
Proxy:			<none>
Request params:	<none>
Query params:	<none>
Form params:	<none>
Path params:	<none>
Headers:		Accept=*/*
				Content-Type=application/json
Cookies:		<none>
Multiparts:		<none>
Body:
{
    "firstName": "Myah",
    "lastName": "Lemke",
    "password": "rLbmpucSRTVg2au",
    "userStatus": "0",
    "phone": "11927164540",
    "id": "458746",
    "email": "Genesis91@hotmail.com",
    "username": "Ethel62"
}
HTTP/1.1 200 OK
Date: Thu, 02 Sep 2021 19:33:37 GMT
Content-Type: application/json
Transfer-Encoding: chunked
Connection: keep-alive
Access-Control-Allow-Origin: *
Access-Control-Allow-Methods: GET, POST, DELETE, PUT
Access-Control-Allow-Headers: Content-Type, api_key, Authorization
Server: Jetty(9.2.9.v20150224)

{
    "code": 200,
    "type": "unknown",
    "message": "458746"
}
O userID eh: 458746
Este eh o teste numero: 35
Request method:	POST
Request URI:	https://petstore.swagger.io/v2/user
Proxy:			<none>
Request params:	<none>
Query params:	<none>
Form params:	<none>
Path params:	<none>
Headers:		Accept=*/*
				Content-Type=application/json
Cookies:		<none>
Multiparts:		<none>
Body:
{
    "firstName": "Katelynn",
    "lastName": "Keebler",
    "password": "CKY9HOoPGCKO1zA",
    "userStatus": "0",
    "phone": "11986289330",
    "id": "458747",
    "email": "Cleora.Ebert94@gmail.com",
    "username": "Annette.Kub"
}
HTTP/1.1 200 OK
Date: Thu, 02 Sep 2021 19:33:38 GMT
Content-Type: application/json
Transfer-Encoding: chunked
Connection: keep-alive
Access-Control-Allow-Origin: *
Access-Control-Allow-Methods: GET, POST, DELETE, PUT
Access-Control-Allow-Headers: Content-Type, api_key, Authorization
Server: Jetty(9.2.9.v20150224)

{
    "code": 200,
    "type": "unknown",
    "message": "458747"
}
O userID eh: 458747
Este eh o teste numero: 36
Request method:	POST
Request URI:	https://petstore.swagger.io/v2/user
Proxy:			<none>
Request params:	<none>
Query params:	<none>
Form params:	<none>
Path params:	<none>
Headers:		Accept=*/*
				Content-Type=application/json
Cookies:		<none>
Multiparts:		<none>
Body:
{
    "firstName": "Jorge",
    "lastName": "Langworth",
    "password": "sYjJQ0JGoQxtsIz",
    "userStatus": "0",
    "phone": "11939494583",
    "id": "458748",
    "email": "Camden65@yahoo.com",
    "username": "Sigrid_Rosenbaum"
}
HTTP/1.1 200 OK
Date: Thu, 02 Sep 2021 19:33:39 GMT
Content-Type: application/json
Transfer-Encoding: chunked
Connection: keep-alive
Access-Control-Allow-Origin: *
Access-Control-Allow-Methods: GET, POST, DELETE, PUT
Access-Control-Allow-Headers: Content-Type, api_key, Authorization
Server: Jetty(9.2.9.v20150224)

{
    "code": 200,
    "type": "unknown",
    "message": "458748"
}
O userID eh: 458748
Este eh o teste numero: 37
Request method:	POST
Request URI:	https://petstore.swagger.io/v2/user
Proxy:			<none>
Request params:	<none>
Query params:	<none>
Form params:	<none>
Path params:	<none>
Headers:		Accept=*/*
				Content-Type=application/json
Cookies:		<none>
Multiparts:		<none>
Body:
{
    "firstName": "Monserrate",
    "lastName": "Cronin",
    "password": "D2dKNAP5iTSF1An",
    "userStatus": "0",
    "phone": "11993676516",
    "id": "458749",
    "email": "Liana0@gmail.com",
    "username": "Hubert82"
}
HTTP/1.1 200 OK
Date: Thu, 02 Sep 2021 19:33:40 GMT
Content-Type: application/json
Transfer-Encoding: chunked
Connection: keep-alive
Access-Control-Allow-Origin: *
Access-Control-Allow-Methods: GET, POST, DELETE, PUT
Access-Control-Allow-Headers: Content-Type, api_key, Authorization
Server: Jetty(9.2.9.v20150224)

{
    "code": 200,
    "type": "unknown",
    "message": "458749"
}
O userID eh: 458749
Este eh o teste numero: 38
Request method:	POST
Request URI:	https://petstore.swagger.io/v2/user
Proxy:			<none>
Request params:	<none>
Query params:	<none>
Form params:	<none>
Path params:	<none>
Headers:		Accept=*/*
				Content-Type=application/json
Cookies:		<none>
Multiparts:		<none>
Body:
{
    "firstName": "Jordane",
    "lastName": "Marquardt",
    "password": "lA3CZfdteKt41fD",
    "userStatus": "0",
    "phone": "11977972478",
    "id": "458750",
    "email": "Mathias.Donnelly99@hotmail.com",
    "username": "Ari_Reynolds17"
}
HTTP/1.1 200 OK
Date: Thu, 02 Sep 2021 19:33:41 GMT
Content-Type: application/json
Transfer-Encoding: chunked
Connection: keep-alive
Access-Control-Allow-Origin: *
Access-Control-Allow-Methods: GET, POST, DELETE, PUT
Access-Control-Allow-Headers: Content-Type, api_key, Authorization
Server: Jetty(9.2.9.v20150224)

{
    "code": 200,
    "type": "unknown",
    "message": "458750"
}
O userID eh: 458750
Este eh o teste numero: 39
Request method:	POST
Request URI:	https://petstore.swagger.io/v2/user
Proxy:			<none>
Request params:	<none>
Query params:	<none>
Form params:	<none>
Path params:	<none>
Headers:		Accept=*/*
				Content-Type=application/json
Cookies:		<none>
Multiparts:		<none>
Body:
{
    "firstName": "Rosemarie",
    "lastName": "Grant",
    "password": "2A5ZGU8BcTJmLFL",
    "userStatus": "0",
    "phone": "11961002551",
    "id": "458751",
    "email": "Kaci_Schiller15@gmail.com",
    "username": "Reese65"
}
HTTP/1.1 200 OK
Date: Thu, 02 Sep 2021 19:33:42 GMT
Content-Type: application/json
Transfer-Encoding: chunked
Connection: keep-alive
Access-Control-Allow-Origin: *
Access-Control-Allow-Methods: GET, POST, DELETE, PUT
Access-Control-Allow-Headers: Content-Type, api_key, Authorization
Server: Jetty(9.2.9.v20150224)

{
    "code": 200,
    "type": "unknown",
    "message": "458751"
}
O userID eh: 458751
Este eh o teste numero: 40
Request method:	POST
Request URI:	https://petstore.swagger.io/v2/user
Proxy:			<none>
Request params:	<none>
Query params:	<none>
Form params:	<none>
Path params:	<none>
Headers:		Accept=*/*
				Content-Type=application/json
Cookies:		<none>
Multiparts:		<none>
Body:
{
    "firstName": "Layne",
    "lastName": "Goodwin",
    "password": "e8DFk1rc02K8b5l",
    "userStatus": "0",
    "phone": "11985957420",
    "id": "458752",
    "email": "Marianne91@hotmail.com",
    "username": "Pink.Rogahn93"
}
HTTP/1.1 200 OK
Date: Thu, 02 Sep 2021 19:33:43 GMT
Content-Type: application/json
Transfer-Encoding: chunked
Connection: keep-alive
Access-Control-Allow-Origin: *
Access-Control-Allow-Methods: GET, POST, DELETE, PUT
Access-Control-Allow-Headers: Content-Type, api_key, Authorization
Server: Jetty(9.2.9.v20150224)

{
    "code": 200,
    "type": "unknown",
    "message": "458752"
}
O userID eh: 458752
Este eh o teste numero: 41
Request method:	POST
Request URI:	https://petstore.swagger.io/v2/user
Proxy:			<none>
Request params:	<none>
Query params:	<none>
Form params:	<none>
Path params:	<none>
Headers:		Accept=*/*
				Content-Type=application/json
Cookies:		<none>
Multiparts:		<none>
Body:
{
    "firstName": "Jaquan",
    "lastName": "Osinski",
    "password": "5KAK0Iy2gOsap6C",
    "userStatus": "0",
    "phone": "11989615154",
    "id": "458753",
    "email": "Rolando15@yahoo.com",
    "username": "Frederik.Boehm71"
}
HTTP/1.1 200 OK
Date: Thu, 02 Sep 2021 19:33:43 GMT
Content-Type: application/json
Transfer-Encoding: chunked
Connection: keep-alive
Access-Control-Allow-Origin: *
Access-Control-Allow-Methods: GET, POST, DELETE, PUT
Access-Control-Allow-Headers: Content-Type, api_key, Authorization
Server: Jetty(9.2.9.v20150224)

{
    "code": 200,
    "type": "unknown",
    "message": "458753"
}
O userID eh: 458753
Este eh o teste numero: 42
Request method:	POST
Request URI:	https://petstore.swagger.io/v2/user
Proxy:			<none>
Request params:	<none>
Query params:	<none>
Form params:	<none>
Path params:	<none>
Headers:		Accept=*/*
				Content-Type=application/json
Cookies:		<none>
Multiparts:		<none>
Body:
{
    "firstName": "Sedrick",
    "lastName": "Pollich",
    "password": "NwaqLuf61UiXm4z",
    "userStatus": "0",
    "phone": "11977617022",
    "id": "458754",
    "email": "Shaun3@hotmail.com",
    "username": "Nola_Gorczany20"
}
HTTP/1.1 200 OK
Date: Thu, 02 Sep 2021 19:33:44 GMT
Content-Type: application/json
Transfer-Encoding: chunked
Connection: keep-alive
Access-Control-Allow-Origin: *
Access-Control-Allow-Methods: GET, POST, DELETE, PUT
Access-Control-Allow-Headers: Content-Type, api_key, Authorization
Server: Jetty(9.2.9.v20150224)

{
    "code": 200,
    "type": "unknown",
    "message": "458754"
}
O userID eh: 458754
Este eh o teste numero: 43
Request method:	POST
Request URI:	https://petstore.swagger.io/v2/user
Proxy:			<none>
Request params:	<none>
Query params:	<none>
Form params:	<none>
Path params:	<none>
Headers:		Accept=*/*
				Content-Type=application/json
Cookies:		<none>
Multiparts:		<none>
Body:
{
    "firstName": "Ruth",
    "lastName": "Harris",
    "password": "9U7nwZ2BpGeTo6O",
    "userStatus": "0",
    "phone": "11975129564",
    "id": "458755",
    "email": "Rosalia58@hotmail.com",
    "username": "Alexanne.Kutch66"
}
HTTP/1.1 200 OK
Date: Thu, 02 Sep 2021 19:33:45 GMT
Content-Type: application/json
Transfer-Encoding: chunked
Connection: keep-alive
Access-Control-Allow-Origin: *
Access-Control-Allow-Methods: GET, POST, DELETE, PUT
Access-Control-Allow-Headers: Content-Type, api_key, Authorization
Server: Jetty(9.2.9.v20150224)

{
    "code": 200,
    "type": "unknown",
    "message": "458755"
}
O userID eh: 458755
Este eh o teste numero: 44
Request method:	POST
Request URI:	https://petstore.swagger.io/v2/user
Proxy:			<none>
Request params:	<none>
Query params:	<none>
Form params:	<none>
Path params:	<none>
Headers:		Accept=*/*
				Content-Type=application/json
Cookies:		<none>
Multiparts:		<none>
Body:
{
    "firstName": "Layla",
    "lastName": "Hane",
    "password": "hgqisWh5smTzA2L",
    "userStatus": "0",
    "phone": "11961410080",
    "id": "458756",
    "email": "Akeem_Lakin20@yahoo.com",
    "username": "Columbus.Armstrong"
}
HTTP/1.1 200 OK
Date: Thu, 02 Sep 2021 19:33:46 GMT
Content-Type: application/json
Transfer-Encoding: chunked
Connection: keep-alive
Access-Control-Allow-Origin: *
Access-Control-Allow-Methods: GET, POST, DELETE, PUT
Access-Control-Allow-Headers: Content-Type, api_key, Authorization
Server: Jetty(9.2.9.v20150224)

{
    "code": 200,
    "type": "unknown",
    "message": "458756"
}
O userID eh: 458756
Este eh o teste numero: 45
Request method:	POST
Request URI:	https://petstore.swagger.io/v2/user
Proxy:			<none>
Request params:	<none>
Query params:	<none>
Form params:	<none>
Path params:	<none>
Headers:		Accept=*/*
				Content-Type=application/json
Cookies:		<none>
Multiparts:		<none>
Body:
{
    "firstName": "Bethel",
    "lastName": "Schamberger",
    "password": "VWxNwY_NSD2EgR7",
    "userStatus": "0",
    "phone": "11995771210",
    "id": "458757",
    "email": "Melissa_Leffler@yahoo.com",
    "username": "Marvin79"
}
HTTP/1.1 200 OK
Date: Thu, 02 Sep 2021 19:33:47 GMT
Content-Type: application/json
Transfer-Encoding: chunked
Connection: keep-alive
Access-Control-Allow-Origin: *
Access-Control-Allow-Methods: GET, POST, DELETE, PUT
Access-Control-Allow-Headers: Content-Type, api_key, Authorization
Server: Jetty(9.2.9.v20150224)

{
    "code": 200,
    "type": "unknown",
    "message": "458757"
}
O userID eh: 458757
Este eh o teste numero: 46
Request method:	POST
Request URI:	https://petstore.swagger.io/v2/user
Proxy:			<none>
Request params:	<none>
Query params:	<none>
Form params:	<none>
Path params:	<none>
Headers:		Accept=*/*
				Content-Type=application/json
Cookies:		<none>
Multiparts:		<none>
Body:
{
    "firstName": "Kimberly",
    "lastName": "Predovic",
    "password": "K_v7yYWyE1QLXmn",
    "userStatus": "0",
    "phone": "11973131218",
    "id": "458758",
    "email": "Adalberto.Homenick72@yahoo.com",
    "username": "Giuseppe.Ritchie43"
}
HTTP/1.1 200 OK
Date: Thu, 02 Sep 2021 19:33:48 GMT
Content-Type: application/json
Transfer-Encoding: chunked
Connection: keep-alive
Access-Control-Allow-Origin: *
Access-Control-Allow-Methods: GET, POST, DELETE, PUT
Access-Control-Allow-Headers: Content-Type, api_key, Authorization
Server: Jetty(9.2.9.v20150224)

{
    "code": 200,
    "type": "unknown",
    "message": "458758"
}
O userID eh: 458758
Este eh o teste numero: 47
Request method:	POST
Request URI:	https://petstore.swagger.io/v2/user
Proxy:			<none>
Request params:	<none>
Query params:	<none>
Form params:	<none>
Path params:	<none>
Headers:		Accept=*/*
				Content-Type=application/json
Cookies:		<none>
Multiparts:		<none>
Body:
{
    "firstName": "Camden",
    "lastName": "Wiegand",
    "password": "CKWyMG2FtOd2ZXm",
    "userStatus": "0",
    "phone": "11947000975",
    "id": "458759",
    "email": "Nina_Mills@yahoo.com",
    "username": "Rashawn.Keeling"
}
HTTP/1.1 200 OK
Date: Thu, 02 Sep 2021 19:33:49 GMT
Content-Type: application/json
Transfer-Encoding: chunked
Connection: keep-alive
Access-Control-Allow-Origin: *
Access-Control-Allow-Methods: GET, POST, DELETE, PUT
Access-Control-Allow-Headers: Content-Type, api_key, Authorization
Server: Jetty(9.2.9.v20150224)

{
    "code": 200,
    "type": "unknown",
    "message": "458759"
}
O userID eh: 458759
Este eh o teste numero: 48
Request method:	POST
Request URI:	https://petstore.swagger.io/v2/user
Proxy:			<none>
Request params:	<none>
Query params:	<none>
Form params:	<none>
Path params:	<none>
Headers:		Accept=*/*
				Content-Type=application/json
Cookies:		<none>
Multiparts:		<none>
Body:
{
    "firstName": "Candido",
    "lastName": "Renner",
    "password": "dXS2HeRmIFppA1I",
    "userStatus": "0",
    "phone": "11938153360",
    "id": "458760",
    "email": "Jett_Lesch61@yahoo.com",
    "username": "Giovanna99"
}
HTTP/1.1 200 OK
Date: Thu, 02 Sep 2021 19:33:50 GMT
Content-Type: application/json
Transfer-Encoding: chunked
Connection: keep-alive
Access-Control-Allow-Origin: *
Access-Control-Allow-Methods: GET, POST, DELETE, PUT
Access-Control-Allow-Headers: Content-Type, api_key, Authorization
Server: Jetty(9.2.9.v20150224)

{
    "code": 200,
    "type": "unknown",
    "message": "458760"
}
O userID eh: 458760
Este eh o teste numero: 49
Request method:	POST
Request URI:	https://petstore.swagger.io/v2/user
Proxy:			<none>
Request params:	<none>
Query params:	<none>
Form params:	<none>
Path params:	<none>
Headers:		Accept=*/*
				Content-Type=application/json
Cookies:		<none>
Multiparts:		<none>
Body:
{
    "firstName": "Avis",
    "lastName": "McCullough",
    "password": "vA5gfky5RnaWLcC",
    "userStatus": "0",
    "phone": "11918932264",
    "id": "458761",
    "email": "Dorris.Zboncak@yahoo.com",
    "username": "Penelope.Hammes"
}
HTTP/1.1 200 OK
Date: Thu, 02 Sep 2021 19:33:51 GMT
Content-Type: application/json
Transfer-Encoding: chunked
Connection: keep-alive
Access-Control-Allow-Origin: *
Access-Control-Allow-Methods: GET, POST, DELETE, PUT
Access-Control-Allow-Headers: Content-Type, api_key, Authorization
Server: Jetty(9.2.9.v20150224)

{
    "code": 200,
    "type": "unknown",
    "message": "458761"
}
O userID eh: 458761
Este eh o teste numero: 50
]]></system-out>
  <system-err><![CDATA[]]></system-err>
</testsuite>
